2017-12-18 15:21:48,520 [Worker-13] INFO  o.e.m.c.i.p.ProjectConfigurationManager - Collecting project info '/pom.xml' C:\hansi\JavaSamples\DPM\dpm-master\pom.xml
2017-12-18 15:21:50,806 [Worker-13] INFO  o.e.m.c.i.l.LifecycleMappingFactory - Using org.eclipse.m2e.jdt.JarLifecycleMapping lifecycle mapping for MavenProject: com.virtusa:dpm-master:0.0.1-SNAPSHOT @ C:\hansi\JavaSamples\DPM\dpm-master\pom.xml.
2017-12-18 15:21:52,305 [Worker-13] INFO  o.e.m.j.i.AbstractJavaProjectConfigurator - Adding source folder /dpm-master/src/main/java
2017-12-18 15:21:52,316 [Worker-13] INFO  o.e.m.j.i.AbstractJavaProjectConfigurator - Adding source folder /dpm-master/src/test/java
2017-12-18 15:21:53,186 [Worker-13] INFO  o.e.m.c.i.p.ProjectConfigurationManager - Imported and configured 1 project(s) in 4 sec
2017-12-18 15:21:53,841 [Worker-9] INFO  o.e.m.c.i.embedder.EclipseLogger - Using 'UTF-8' encoding to copy filtered resources.
2017-12-18 15:21:53,842 [Worker-9] INFO  o.e.m.c.i.embedder.EclipseLogger - skip non existing resourceDirectory C:\hansi\JavaSamples\DPM\dpm-master\src\main\resources
2017-12-18 15:21:53,844 [Worker-9] INFO  o.e.m.c.i.embedder.EclipseLogger - Using 'UTF-8' encoding to copy filtered resources.
2017-12-18 15:21:53,844 [Worker-9] INFO  o.e.m.c.i.embedder.EclipseLogger - skip non existing resourceDirectory C:\hansi\JavaSamples\DPM\dpm-master\src\test\resources
2017-12-18 15:22:53,890 [Worker-7] INFO  o.e.m.c.i.embedder.EclipseLogger - Using 'UTF-8' encoding to copy filtered resources.
2017-12-18 15:22:53,891 [Worker-7] INFO  o.e.m.c.i.embedder.EclipseLogger - skip non existing resourceDirectory C:\hansi\JavaSamples\DPM\dpm-master\src\main\resources
2017-12-18 15:22:53,893 [Worker-7] INFO  o.e.m.c.i.embedder.EclipseLogger - Using 'UTF-8' encoding to copy filtered resources.
2017-12-18 15:22:53,893 [Worker-7] INFO  o.e.m.c.i.embedder.EclipseLogger - skip non existing resourceDirectory C:\hansi\JavaSamples\DPM\dpm-master\src\test\resources
2017-12-18 15:23:09,341 [Worker-4] INFO  o.e.m.c.i.embedder.EclipseLogger - Using 'UTF-8' encoding to copy filtered resources.
2017-12-18 15:23:09,342 [Worker-4] INFO  o.e.m.c.i.embedder.EclipseLogger - skip non existing resourceDirectory C:\hansi\JavaSamples\DPM\dpm-master\src\main\resources
2017-12-18 15:23:09,344 [Worker-4] INFO  o.e.m.c.i.embedder.EclipseLogger - Using 'UTF-8' encoding to copy filtered resources.
2017-12-18 15:23:09,344 [Worker-4] INFO  o.e.m.c.i.embedder.EclipseLogger - skip non existing resourceDirectory C:\hansi\JavaSamples\DPM\dpm-master\src\test\resources
2017-12-18 15:23:20,140 [Worker-14] INFO  o.e.m.c.i.embedder.EclipseLogger - Using 'UTF-8' encoding to copy filtered resources.
2017-12-18 15:23:20,140 [Worker-14] INFO  o.e.m.c.i.embedder.EclipseLogger - skip non existing resourceDirectory C:\hansi\JavaSamples\DPM\dpm-master\src\main\resources
2017-12-18 15:23:20,141 [Worker-14] INFO  o.e.m.c.i.embedder.EclipseLogger - Using 'UTF-8' encoding to copy filtered resources.
2017-12-18 15:23:20,141 [Worker-14] INFO  o.e.m.c.i.embedder.EclipseLogger - skip non existing resourceDirectory C:\hansi\JavaSamples\DPM\dpm-master\src\test\resources
2017-12-18 15:23:32,299 [Worker-3] INFO  o.e.m.c.i.embedder.EclipseLogger - Using 'UTF-8' encoding to copy filtered resources.
2017-12-18 15:23:32,300 [Worker-3] INFO  o.e.m.c.i.embedder.EclipseLogger - skip non existing resourceDirectory C:\hansi\JavaSamples\DPM\dpm-master\src\main\resources
2017-12-18 15:23:32,303 [Worker-3] INFO  o.e.m.c.i.embedder.EclipseLogger - Using 'UTF-8' encoding to copy filtered resources.
2017-12-18 15:23:32,303 [Worker-3] INFO  o.e.m.c.i.embedder.EclipseLogger - skip non existing resourceDirectory C:\hansi\JavaSamples\DPM\dpm-master\src\test\resources
2017-12-18 15:23:55,849 [Worker-15] INFO  o.e.m.c.i.embedder.EclipseLogger - Using 'UTF-8' encoding to copy filtered resources.
2017-12-18 15:23:55,849 [Worker-15] INFO  o.e.m.c.i.embedder.EclipseLogger - skip non existing resourceDirectory C:\hansi\JavaSamples\DPM\dpm-master\src\main\resources
2017-12-18 15:23:55,850 [Worker-15] INFO  o.e.m.c.i.embedder.EclipseLogger - Using 'UTF-8' encoding to copy filtered resources.
2017-12-18 15:23:55,850 [Worker-15] INFO  o.e.m.c.i.embedder.EclipseLogger - skip non existing resourceDirectory C:\hansi\JavaSamples\DPM\dpm-master\src\test\resources
2017-12-18 15:23:56,951 [Worker-4] INFO  o.e.m.c.i.embedder.EclipseLogger - Using 'UTF-8' encoding to copy filtered resources.
2017-12-18 15:23:56,952 [Worker-4] INFO  o.e.m.c.i.embedder.EclipseLogger - skip non existing resourceDirectory C:\hansi\JavaSamples\DPM\dpm-master\src\main\resources
2017-12-18 15:23:56,953 [Worker-4] INFO  o.e.m.c.i.embedder.EclipseLogger - Using 'UTF-8' encoding to copy filtered resources.
2017-12-18 15:23:56,953 [Worker-4] INFO  o.e.m.c.i.embedder.EclipseLogger - skip non existing resourceDirectory C:\hansi\JavaSamples\DPM\dpm-master\src\test\resources
2017-12-18 15:24:02,695 [Worker-14] INFO  o.e.m.c.i.embedder.EclipseLogger - Using 'UTF-8' encoding to copy filtered resources.
2017-12-18 15:24:02,698 [Worker-14] INFO  o.e.m.c.i.embedder.EclipseLogger - skip non existing resourceDirectory C:\hansi\JavaSamples\DPM\dpm-master\src\main\resources
2017-12-18 15:24:02,700 [Worker-14] INFO  o.e.m.c.i.embedder.EclipseLogger - Using 'UTF-8' encoding to copy filtered resources.
2017-12-18 15:24:02,700 [Worker-14] INFO  o.e.m.c.i.embedder.EclipseLogger - skip non existing resourceDirectory C:\hansi\JavaSamples\DPM\dpm-master\src\test\resources
2017-12-18 15:24:39,231 [Worker-16] INFO  o.e.m.c.i.embedder.EclipseLogger - Using 'UTF-8' encoding to copy filtered resources.
2017-12-18 15:24:39,232 [Worker-16] INFO  o.e.m.c.i.embedder.EclipseLogger - skip non existing resourceDirectory C:\hansi\JavaSamples\DPM\dpm-master\src\main\resources
2017-12-18 15:24:39,233 [Worker-16] INFO  o.e.m.c.i.embedder.EclipseLogger - Using 'UTF-8' encoding to copy filtered resources.
2017-12-18 15:24:39,234 [Worker-16] INFO  o.e.m.c.i.embedder.EclipseLogger - skip non existing resourceDirectory C:\hansi\JavaSamples\DPM\dpm-master\src\test\resources
2017-12-18 15:41:55,928 [Worker-22] INFO  o.e.m.c.i.embedder.EclipseLogger - Using 'UTF-8' encoding to copy filtered resources.
2017-12-18 15:41:55,929 [Worker-22] INFO  o.e.m.c.i.embedder.EclipseLogger - skip non existing resourceDirectory C:\hansi\JavaSamples\DPM\dpm-master\src\main\resources
2017-12-18 15:41:55,929 [Worker-22] INFO  o.e.m.c.i.embedder.EclipseLogger - Using 'UTF-8' encoding to copy filtered resources.
2017-12-18 15:41:55,930 [Worker-22] INFO  o.e.m.c.i.embedder.EclipseLogger - skip non existing resourceDirectory C:\hansi\JavaSamples\DPM\dpm-master\src\test\resources
2017-12-18 15:42:46,423 [Worker-3] INFO  o.e.m.c.i.embedder.EclipseLogger - Using 'UTF-8' encoding to copy filtered resources.
2017-12-18 15:42:46,423 [Worker-3] INFO  o.e.m.c.i.embedder.EclipseLogger - skip non existing resourceDirectory C:\hansi\JavaSamples\DPM\dpm-master\src\main\resources
2017-12-18 15:42:46,424 [Worker-3] INFO  o.e.m.c.i.embedder.EclipseLogger - Using 'UTF-8' encoding to copy filtered resources.
2017-12-18 15:42:46,424 [Worker-3] INFO  o.e.m.c.i.embedder.EclipseLogger - skip non existing resourceDirectory C:\hansi\JavaSamples\DPM\dpm-master\src\test\resources
2017-12-18 15:46:20,273 [Worker-23] INFO  o.e.m.c.i.embedder.EclipseLogger - Using 'UTF-8' encoding to copy filtered resources.
2017-12-18 15:46:20,273 [Worker-23] INFO  o.e.m.c.i.embedder.EclipseLogger - skip non existing resourceDirectory C:\hansi\JavaSamples\DPM\dpm-master\src\main\resources
2017-12-18 15:46:20,275 [Worker-23] INFO  o.e.m.c.i.embedder.EclipseLogger - Using 'UTF-8' encoding to copy filtered resources.
2017-12-18 15:46:20,275 [Worker-23] INFO  o.e.m.c.i.embedder.EclipseLogger - skip non existing resourceDirectory C:\hansi\JavaSamples\DPM\dpm-master\src\test\resources
2017-12-18 15:46:39,340 [Worker-27] INFO  o.e.m.c.i.embedder.EclipseLogger - Using 'UTF-8' encoding to copy filtered resources.
2017-12-18 15:46:39,341 [Worker-27] INFO  o.e.m.c.i.embedder.EclipseLogger - skip non existing resourceDirectory C:\hansi\JavaSamples\DPM\dpm-master\src\main\resources
2017-12-18 15:46:39,346 [Worker-27] INFO  o.e.m.c.i.embedder.EclipseLogger - Using 'UTF-8' encoding to copy filtered resources.
2017-12-18 15:46:39,348 [Worker-27] INFO  o.e.m.c.i.embedder.EclipseLogger - skip non existing resourceDirectory C:\hansi\JavaSamples\DPM\dpm-master\src\test\resources
2017-12-18 15:54:00,297 [Worker-34] INFO  o.e.m.c.i.embedder.EclipseLogger - Using 'UTF-8' encoding to copy filtered resources.
2017-12-18 15:54:00,297 [Worker-34] INFO  o.e.m.c.i.embedder.EclipseLogger - skip non existing resourceDirectory C:\hansi\JavaSamples\DPM\dpm-master\src\main\resources
2017-12-18 15:54:00,298 [Worker-34] INFO  o.e.m.c.i.embedder.EclipseLogger - Using 'UTF-8' encoding to copy filtered resources.
2017-12-18 15:54:00,298 [Worker-34] INFO  o.e.m.c.i.embedder.EclipseLogger - skip non existing resourceDirectory C:\hansi\JavaSamples\DPM\dpm-master\src\test\resources
2017-12-18 16:12:38,128 [Worker-41] INFO  o.e.m.c.i.embedder.EclipseLogger - Using 'UTF-8' encoding to copy filtered resources.
2017-12-18 16:12:38,128 [Worker-41] INFO  o.e.m.c.i.embedder.EclipseLogger - skip non existing resourceDirectory C:\hansi\JavaSamples\DPM\dpm-master\src\main\resources
2017-12-18 16:12:38,129 [Worker-41] INFO  o.e.m.c.i.embedder.EclipseLogger - Using 'UTF-8' encoding to copy filtered resources.
2017-12-18 16:12:38,130 [Worker-41] INFO  o.e.m.c.i.embedder.EclipseLogger - skip non existing resourceDirectory C:\hansi\JavaSamples\DPM\dpm-master\src\test\resources
2017-12-19 10:41:48,963 [Worker-80] INFO  o.e.m.c.i.embedder.EclipseLogger - Using 'UTF-8' encoding to copy filtered resources.
2017-12-19 10:41:48,964 [Worker-80] INFO  o.e.m.c.i.embedder.EclipseLogger - skip non existing resourceDirectory C:\hansi\JavaSamples\DPM\dpm-master\src\main\resources
2017-12-19 10:41:48,965 [Worker-80] INFO  o.e.m.c.i.embedder.EclipseLogger - Using 'UTF-8' encoding to copy filtered resources.
2017-12-19 10:41:48,965 [Worker-80] INFO  o.e.m.c.i.embedder.EclipseLogger - skip non existing resourceDirectory C:\hansi\JavaSamples\DPM\dpm-master\src\test\resources
2017-12-19 10:45:29,029 [Worker-85] INFO  o.e.m.c.i.embedder.EclipseLogger - Using 'UTF-8' encoding to copy filtered resources.
2017-12-19 10:45:29,029 [Worker-85] INFO  o.e.m.c.i.embedder.EclipseLogger - skip non existing resourceDirectory C:\hansi\JavaSamples\DPM\dpm-master\src\main\resources
2017-12-19 10:45:29,030 [Worker-85] INFO  o.e.m.c.i.embedder.EclipseLogger - Using 'UTF-8' encoding to copy filtered resources.
2017-12-19 10:45:29,030 [Worker-85] INFO  o.e.m.c.i.embedder.EclipseLogger - skip non existing resourceDirectory C:\hansi\JavaSamples\DPM\dpm-master\src\test\resources
2017-12-19 10:45:42,464 [Worker-84] INFO  o.e.m.c.i.embedder.EclipseLogger - Using 'UTF-8' encoding to copy filtered resources.
2017-12-19 10:45:42,465 [Worker-84] INFO  o.e.m.c.i.embedder.EclipseLogger - skip non existing resourceDirectory C:\hansi\JavaSamples\DPM\dpm-master\src\main\resources
2017-12-19 10:45:42,467 [Worker-84] INFO  o.e.m.c.i.embedder.EclipseLogger - Using 'UTF-8' encoding to copy filtered resources.
2017-12-19 10:45:42,467 [Worker-84] INFO  o.e.m.c.i.embedder.EclipseLogger - skip non existing resourceDirectory C:\hansi\JavaSamples\DPM\dpm-master\src\test\resources
2017-12-19 10:48:15,321 [Worker-87] INFO  o.e.m.c.i.embedder.EclipseLogger - Using 'UTF-8' encoding to copy filtered resources.
2017-12-19 10:48:15,322 [Worker-87] INFO  o.e.m.c.i.embedder.EclipseLogger - skip non existing resourceDirectory C:\hansi\JavaSamples\DPM\dpm-master\src\main\resources
2017-12-19 10:48:15,322 [Worker-87] INFO  o.e.m.c.i.embedder.EclipseLogger - Using 'UTF-8' encoding to copy filtered resources.
2017-12-19 10:48:15,322 [Worker-87] INFO  o.e.m.c.i.embedder.EclipseLogger - skip non existing resourceDirectory C:\hansi\JavaSamples\DPM\dpm-master\src\test\resources
2017-12-19 10:48:26,637 [Worker-80] INFO  o.e.m.c.i.embedder.EclipseLogger - Using 'UTF-8' encoding to copy filtered resources.
2017-12-19 10:48:26,638 [Worker-80] INFO  o.e.m.c.i.embedder.EclipseLogger - skip non existing resourceDirectory C:\hansi\JavaSamples\DPM\dpm-master\src\main\resources
2017-12-19 10:48:26,638 [Worker-80] INFO  o.e.m.c.i.embedder.EclipseLogger - Using 'UTF-8' encoding to copy filtered resources.
2017-12-19 10:48:26,638 [Worker-80] INFO  o.e.m.c.i.embedder.EclipseLogger - skip non existing resourceDirectory C:\hansi\JavaSamples\DPM\dpm-master\src\test\resources
2017-12-19 11:01:39,986 [Worker-92] INFO  o.e.m.c.i.embedder.EclipseLogger - Using 'UTF-8' encoding to copy filtered resources.
2017-12-19 11:01:39,986 [Worker-92] INFO  o.e.m.c.i.embedder.EclipseLogger - skip non existing resourceDirectory C:\hansi\JavaSamples\DPM\dpm-master\src\main\resources
2017-12-19 11:01:39,987 [Worker-92] INFO  o.e.m.c.i.embedder.EclipseLogger - Using 'UTF-8' encoding to copy filtered resources.
2017-12-19 11:01:39,988 [Worker-92] INFO  o.e.m.c.i.embedder.EclipseLogger - skip non existing resourceDirectory C:\hansi\JavaSamples\DPM\dpm-master\src\test\resources
2017-12-19 11:03:43,492 [Worker-91] INFO  o.e.m.c.i.embedder.EclipseLogger - Using 'UTF-8' encoding to copy filtered resources.
2017-12-19 11:03:43,492 [Worker-91] INFO  o.e.m.c.i.embedder.EclipseLogger - skip non existing resourceDirectory C:\hansi\JavaSamples\DPM\dpm-master\src\main\resources
2017-12-19 11:03:43,493 [Worker-91] INFO  o.e.m.c.i.embedder.EclipseLogger - Using 'UTF-8' encoding to copy filtered resources.
2017-12-19 11:03:43,493 [Worker-91] INFO  o.e.m.c.i.embedder.EclipseLogger - skip non existing resourceDirectory C:\hansi\JavaSamples\DPM\dpm-master\src\test\resources
2017-12-19 11:04:38,433 [Worker-91] INFO  o.e.m.c.i.embedder.EclipseLogger - Using 'UTF-8' encoding to copy filtered resources.
2017-12-19 11:04:38,434 [Worker-91] INFO  o.e.m.c.i.embedder.EclipseLogger - skip non existing resourceDirectory C:\hansi\JavaSamples\DPM\dpm-master\src\main\resources
2017-12-19 11:04:38,435 [Worker-91] INFO  o.e.m.c.i.embedder.EclipseLogger - Using 'UTF-8' encoding to copy filtered resources.
2017-12-19 11:04:38,436 [Worker-91] INFO  o.e.m.c.i.embedder.EclipseLogger - skip non existing resourceDirectory C:\hansi\JavaSamples\DPM\dpm-master\src\test\resources
2017-12-19 11:05:22,346 [Worker-95] INFO  o.e.m.c.i.embedder.EclipseLogger - Using 'UTF-8' encoding to copy filtered resources.
2017-12-19 11:05:22,346 [Worker-95] INFO  o.e.m.c.i.embedder.EclipseLogger - skip non existing resourceDirectory C:\hansi\JavaSamples\DPM\dpm-master\src\main\resources
2017-12-19 11:05:22,346 [Worker-95] INFO  o.e.m.c.i.embedder.EclipseLogger - Using 'UTF-8' encoding to copy filtered resources.
2017-12-19 11:05:22,347 [Worker-95] INFO  o.e.m.c.i.embedder.EclipseLogger - skip non existing resourceDirectory C:\hansi\JavaSamples\DPM\dpm-master\src\test\resources
2017-12-19 11:08:21,747 [Worker-92] INFO  o.e.m.c.i.embedder.EclipseLogger - Using 'UTF-8' encoding to copy filtered resources.
2017-12-19 11:08:21,748 [Worker-92] INFO  o.e.m.c.i.embedder.EclipseLogger - skip non existing resourceDirectory C:\hansi\JavaSamples\DPM\dpm-master\src\main\resources
2017-12-19 11:08:21,750 [Worker-92] INFO  o.e.m.c.i.embedder.EclipseLogger - Using 'UTF-8' encoding to copy filtered resources.
2017-12-19 11:08:21,750 [Worker-92] INFO  o.e.m.c.i.embedder.EclipseLogger - skip non existing resourceDirectory C:\hansi\JavaSamples\DPM\dpm-master\src\test\resources
2017-12-19 11:47:50,629 [Worker-106] INFO  o.e.m.c.i.l.LifecycleMappingFactory - Using org.eclipse.m2e.jdt.JarLifecycleMapping lifecycle mapping for MavenProject: com.virtusa:dpm-master:0.0.1-SNAPSHOT @ C:\hansi\JavaSamples\DPM\dpm-master\pom.xml.
2017-12-19 11:47:52,929 [Worker-106] INFO  o.e.m.c.i.embedder.EclipseLogger - Using 'UTF-8' encoding to copy filtered resources.
2017-12-19 11:47:52,929 [Worker-106] INFO  o.e.m.c.i.embedder.EclipseLogger - skip non existing resourceDirectory C:\hansi\JavaSamples\DPM\dpm-master\src\main\resources
2017-12-19 11:47:52,929 [Worker-106] INFO  o.e.m.c.i.embedder.EclipseLogger - skip non existing resourceDirectory C:\hansi\JavaSamples\DPM\dpm-master\src\main\resources
2017-12-19 11:47:52,931 [Worker-106] INFO  o.e.m.c.i.embedder.EclipseLogger - Using 'UTF-8' encoding to copy filtered resources.
2017-12-19 11:47:52,931 [Worker-106] INFO  o.e.m.c.i.embedder.EclipseLogger - skip non existing resourceDirectory C:\hansi\JavaSamples\DPM\dpm-master\src\test\resources
2017-12-19 11:47:56,695 [Worker-107] INFO  o.e.m.c.i.embedder.EclipseLogger - Using 'UTF-8' encoding to copy filtered resources.
2017-12-19 11:47:56,695 [Worker-107] INFO  o.e.m.c.i.embedder.EclipseLogger - skip non existing resourceDirectory C:\hansi\JavaSamples\DPM\dpm-master\src\main\resources
2017-12-19 11:47:56,695 [Worker-107] INFO  o.e.m.c.i.embedder.EclipseLogger - skip non existing resourceDirectory C:\hansi\JavaSamples\DPM\dpm-master\src\main\resources
2017-12-19 11:47:56,698 [Worker-107] INFO  o.e.m.c.i.embedder.EclipseLogger - Using 'UTF-8' encoding to copy filtered resources.
2017-12-19 11:47:56,698 [Worker-107] INFO  o.e.m.c.i.embedder.EclipseLogger - skip non existing resourceDirectory C:\hansi\JavaSamples\DPM\dpm-master\src\test\resources
2017-12-19 11:49:42,136 [Worker-107] INFO  o.e.m.c.i.embedder.EclipseLogger - Using 'UTF-8' encoding to copy filtered resources.
2017-12-19 11:49:42,136 [Worker-107] INFO  o.e.m.c.i.embedder.EclipseLogger - skip non existing resourceDirectory C:\hansi\JavaSamples\DPM\dpm-master\src\main\resources
2017-12-19 11:49:42,136 [Worker-107] INFO  o.e.m.c.i.embedder.EclipseLogger - skip non existing resourceDirectory C:\hansi\JavaSamples\DPM\dpm-master\src\main\resources
2017-12-19 11:49:42,137 [Worker-107] INFO  o.e.m.c.i.embedder.EclipseLogger - Using 'UTF-8' encoding to copy filtered resources.
2017-12-19 11:49:42,137 [Worker-107] INFO  o.e.m.c.i.embedder.EclipseLogger - skip non existing resourceDirectory C:\hansi\JavaSamples\DPM\dpm-master\src\test\resources
2017-12-19 11:50:04,330 [Worker-104] INFO  o.e.m.c.i.embedder.EclipseLogger - Using 'UTF-8' encoding to copy filtered resources.
2017-12-19 11:50:04,331 [Worker-104] INFO  o.e.m.c.i.embedder.EclipseLogger - skip non existing resourceDirectory C:\hansi\JavaSamples\DPM\dpm-master\src\main\resources
2017-12-19 11:50:04,331 [Worker-104] INFO  o.e.m.c.i.embedder.EclipseLogger - skip non existing resourceDirectory C:\hansi\JavaSamples\DPM\dpm-master\src\main\resources
2017-12-19 11:50:04,332 [Worker-104] INFO  o.e.m.c.i.embedder.EclipseLogger - Using 'UTF-8' encoding to copy filtered resources.
2017-12-19 11:50:04,332 [Worker-104] INFO  o.e.m.c.i.embedder.EclipseLogger - skip non existing resourceDirectory C:\hansi\JavaSamples\DPM\dpm-master\src\test\resources
2017-12-19 12:02:11,770 [Worker-113] INFO  o.e.m.c.i.embedder.EclipseLogger - Using 'UTF-8' encoding to copy filtered resources.
2017-12-19 12:02:11,771 [Worker-113] INFO  o.e.m.c.i.embedder.EclipseLogger - skip non existing resourceDirectory C:\hansi\JavaSamples\DPM\dpm-master\src\main\resources
2017-12-19 12:02:11,773 [Worker-113] INFO  o.e.m.c.i.embedder.EclipseLogger - skip non existing resourceDirectory C:\hansi\JavaSamples\DPM\dpm-master\src\main\resources
2017-12-19 12:02:11,775 [Worker-113] INFO  o.e.m.c.i.embedder.EclipseLogger - Using 'UTF-8' encoding to copy filtered resources.
2017-12-19 12:02:11,775 [Worker-113] INFO  o.e.m.c.i.embedder.EclipseLogger - skip non existing resourceDirectory C:\hansi\JavaSamples\DPM\dpm-master\src\test\resources
2017-12-19 12:31:36,079 [Worker-117] INFO  o.e.m.c.i.embedder.EclipseLogger - Using 'UTF-8' encoding to copy filtered resources.
2017-12-19 12:31:36,079 [Worker-117] INFO  o.e.m.c.i.embedder.EclipseLogger - skip non existing resourceDirectory C:\hansi\JavaSamples\DPM\dpm-master\src\main\resources
2017-12-19 12:31:36,080 [Worker-117] INFO  o.e.m.c.i.embedder.EclipseLogger - skip non existing resourceDirectory C:\hansi\JavaSamples\DPM\dpm-master\src\main\resources
2017-12-19 12:31:36,082 [Worker-117] INFO  o.e.m.c.i.embedder.EclipseLogger - Using 'UTF-8' encoding to copy filtered resources.
2017-12-19 12:31:36,082 [Worker-117] INFO  o.e.m.c.i.embedder.EclipseLogger - skip non existing resourceDirectory C:\hansi\JavaSamples\DPM\dpm-master\src\test\resources
2017-12-19 12:32:15,038 [Worker-124] INFO  o.e.m.c.i.embedder.EclipseLogger - Using 'UTF-8' encoding to copy filtered resources.
2017-12-19 12:32:15,039 [Worker-124] INFO  o.e.m.c.i.embedder.EclipseLogger - skip non existing resourceDirectory C:\hansi\JavaSamples\DPM\dpm-master\src\main\resources
2017-12-19 12:32:15,039 [Worker-124] INFO  o.e.m.c.i.embedder.EclipseLogger - skip non existing resourceDirectory C:\hansi\JavaSamples\DPM\dpm-master\src\main\resources
2017-12-19 12:32:15,040 [Worker-124] INFO  o.e.m.c.i.embedder.EclipseLogger - Using 'UTF-8' encoding to copy filtered resources.
2017-12-19 12:32:15,040 [Worker-124] INFO  o.e.m.c.i.embedder.EclipseLogger - skip non existing resourceDirectory C:\hansi\JavaSamples\DPM\dpm-master\src\test\resources
2017-12-19 12:32:56,579 [Worker-117] INFO  o.e.m.c.i.embedder.EclipseLogger - Using 'UTF-8' encoding to copy filtered resources.
2017-12-19 12:32:56,579 [Worker-117] INFO  o.e.m.c.i.embedder.EclipseLogger - skip non existing resourceDirectory C:\hansi\JavaSamples\DPM\dpm-master\src\main\resources
2017-12-19 12:32:56,579 [Worker-117] INFO  o.e.m.c.i.embedder.EclipseLogger - skip non existing resourceDirectory C:\hansi\JavaSamples\DPM\dpm-master\src\main\resources
2017-12-19 12:32:56,582 [Worker-117] INFO  o.e.m.c.i.embedder.EclipseLogger - Using 'UTF-8' encoding to copy filtered resources.
2017-12-19 12:32:56,582 [Worker-117] INFO  o.e.m.c.i.embedder.EclipseLogger - skip non existing resourceDirectory C:\hansi\JavaSamples\DPM\dpm-master\src\test\resources
2017-12-19 12:33:29,827 [Worker-124] INFO  o.e.m.c.i.embedder.EclipseLogger - Using 'UTF-8' encoding to copy filtered resources.
2017-12-19 12:33:29,828 [Worker-124] INFO  o.e.m.c.i.embedder.EclipseLogger - skip non existing resourceDirectory C:\hansi\JavaSamples\DPM\dpm-master\src\main\resources
2017-12-19 12:33:29,828 [Worker-124] INFO  o.e.m.c.i.embedder.EclipseLogger - skip non existing resourceDirectory C:\hansi\JavaSamples\DPM\dpm-master\src\main\resources
2017-12-19 12:33:29,830 [Worker-124] INFO  o.e.m.c.i.embedder.EclipseLogger - Using 'UTF-8' encoding to copy filtered resources.
2017-12-19 12:33:29,831 [Worker-124] INFO  o.e.m.c.i.embedder.EclipseLogger - skip non existing resourceDirectory C:\hansi\JavaSamples\DPM\dpm-master\src\test\resources
2017-12-19 12:35:20,313 [Worker-124] INFO  o.e.m.c.i.embedder.EclipseLogger - Using 'UTF-8' encoding to copy filtered resources.
2017-12-19 12:35:20,314 [Worker-124] INFO  o.e.m.c.i.embedder.EclipseLogger - skip non existing resourceDirectory C:\hansi\JavaSamples\DPM\dpm-master\src\main\resources
2017-12-19 12:35:20,314 [Worker-124] INFO  o.e.m.c.i.embedder.EclipseLogger - skip non existing resourceDirectory C:\hansi\JavaSamples\DPM\dpm-master\src\main\resources
2017-12-19 12:35:20,316 [Worker-124] INFO  o.e.m.c.i.embedder.EclipseLogger - Using 'UTF-8' encoding to copy filtered resources.
2017-12-19 12:35:20,316 [Worker-124] INFO  o.e.m.c.i.embedder.EclipseLogger - skip non existing resourceDirectory C:\hansi\JavaSamples\DPM\dpm-master\src\test\resources
2017-12-19 12:36:33,222 [Worker-119] INFO  o.e.m.c.i.embedder.EclipseLogger - Using 'UTF-8' encoding to copy filtered resources.
2017-12-19 12:36:33,222 [Worker-119] INFO  o.e.m.c.i.embedder.EclipseLogger - skip non existing resourceDirectory C:\hansi\JavaSamples\DPM\dpm-master\src\main\resources
2017-12-19 12:36:33,222 [Worker-119] INFO  o.e.m.c.i.embedder.EclipseLogger - skip non existing resourceDirectory C:\hansi\JavaSamples\DPM\dpm-master\src\main\resources
2017-12-19 12:36:33,223 [Worker-119] INFO  o.e.m.c.i.embedder.EclipseLogger - Using 'UTF-8' encoding to copy filtered resources.
2017-12-19 12:36:33,224 [Worker-119] INFO  o.e.m.c.i.embedder.EclipseLogger - skip non existing resourceDirectory C:\hansi\JavaSamples\DPM\dpm-master\src\test\resources
2017-12-19 12:36:59,055 [Worker-123] INFO  o.e.m.c.i.embedder.EclipseLogger - Using 'UTF-8' encoding to copy filtered resources.
2017-12-19 12:36:59,056 [Worker-123] INFO  o.e.m.c.i.embedder.EclipseLogger - skip non existing resourceDirectory C:\hansi\JavaSamples\DPM\dpm-master\src\main\resources
2017-12-19 12:36:59,056 [Worker-123] INFO  o.e.m.c.i.embedder.EclipseLogger - skip non existing resourceDirectory C:\hansi\JavaSamples\DPM\dpm-master\src\main\resources
2017-12-19 12:36:59,058 [Worker-123] INFO  o.e.m.c.i.embedder.EclipseLogger - Using 'UTF-8' encoding to copy filtered resources.
2017-12-19 12:36:59,058 [Worker-123] INFO  o.e.m.c.i.embedder.EclipseLogger - skip non existing resourceDirectory C:\hansi\JavaSamples\DPM\dpm-master\src\test\resources
2017-12-19 12:37:32,010 [Worker-124] INFO  o.e.m.c.i.embedder.EclipseLogger - Using 'UTF-8' encoding to copy filtered resources.
2017-12-19 12:37:32,010 [Worker-124] INFO  o.e.m.c.i.embedder.EclipseLogger - skip non existing resourceDirectory C:\hansi\JavaSamples\DPM\dpm-master\src\main\resources
2017-12-19 12:37:32,011 [Worker-124] INFO  o.e.m.c.i.embedder.EclipseLogger - skip non existing resourceDirectory C:\hansi\JavaSamples\DPM\dpm-master\src\main\resources
2017-12-19 12:37:32,014 [Worker-124] INFO  o.e.m.c.i.embedder.EclipseLogger - Using 'UTF-8' encoding to copy filtered resources.
2017-12-19 12:37:32,014 [Worker-124] INFO  o.e.m.c.i.embedder.EclipseLogger - skip non existing resourceDirectory C:\hansi\JavaSamples\DPM\dpm-master\src\test\resources
2017-12-19 12:40:38,676 [Worker-117] INFO  o.e.m.c.i.embedder.EclipseLogger - Using 'UTF-8' encoding to copy filtered resources.
2017-12-19 12:40:38,677 [Worker-117] INFO  o.e.m.c.i.embedder.EclipseLogger - skip non existing resourceDirectory C:\hansi\JavaSamples\DPM\dpm-master\src\main\resources
2017-12-19 12:40:38,677 [Worker-117] INFO  o.e.m.c.i.embedder.EclipseLogger - skip non existing resourceDirectory C:\hansi\JavaSamples\DPM\dpm-master\src\main\resources
2017-12-19 12:40:38,679 [Worker-117] INFO  o.e.m.c.i.embedder.EclipseLogger - Using 'UTF-8' encoding to copy filtered resources.
2017-12-19 12:40:38,679 [Worker-117] INFO  o.e.m.c.i.embedder.EclipseLogger - skip non existing resourceDirectory C:\hansi\JavaSamples\DPM\dpm-master\src\test\resources
2017-12-19 12:45:30,135 [Worker-122] INFO  o.e.m.c.i.embedder.EclipseLogger - Using 'UTF-8' encoding to copy filtered resources.
2017-12-19 12:45:30,135 [Worker-122] INFO  o.e.m.c.i.embedder.EclipseLogger - skip non existing resourceDirectory C:\hansi\JavaSamples\DPM\dpm-master\src\main\resources
2017-12-19 12:45:30,135 [Worker-122] INFO  o.e.m.c.i.embedder.EclipseLogger - skip non existing resourceDirectory C:\hansi\JavaSamples\DPM\dpm-master\src\main\resources
2017-12-19 12:45:30,136 [Worker-122] INFO  o.e.m.c.i.embedder.EclipseLogger - Using 'UTF-8' encoding to copy filtered resources.
2017-12-19 12:45:30,136 [Worker-122] INFO  o.e.m.c.i.embedder.EclipseLogger - skip non existing resourceDirectory C:\hansi\JavaSamples\DPM\dpm-master\src\test\resources
2017-12-19 12:45:45,041 [Worker-122] INFO  o.e.m.c.i.embedder.EclipseLogger - Using 'UTF-8' encoding to copy filtered resources.
2017-12-19 12:45:45,042 [Worker-122] INFO  o.e.m.c.i.embedder.EclipseLogger - skip non existing resourceDirectory C:\hansi\JavaSamples\DPM\dpm-master\src\main\resources
2017-12-19 12:45:45,042 [Worker-122] INFO  o.e.m.c.i.embedder.EclipseLogger - skip non existing resourceDirectory C:\hansi\JavaSamples\DPM\dpm-master\src\main\resources
2017-12-19 12:45:45,044 [Worker-122] INFO  o.e.m.c.i.embedder.EclipseLogger - Using 'UTF-8' encoding to copy filtered resources.
2017-12-19 12:45:45,044 [Worker-122] INFO  o.e.m.c.i.embedder.EclipseLogger - skip non existing resourceDirectory C:\hansi\JavaSamples\DPM\dpm-master\src\test\resources
2017-12-19 12:45:47,221 [Worker-126] INFO  o.e.m.c.i.embedder.EclipseLogger - Using 'UTF-8' encoding to copy filtered resources.
2017-12-19 12:45:47,221 [Worker-126] INFO  o.e.m.c.i.embedder.EclipseLogger - skip non existing resourceDirectory C:\hansi\JavaSamples\DPM\dpm-master\src\main\resources
2017-12-19 12:45:47,221 [Worker-126] INFO  o.e.m.c.i.embedder.EclipseLogger - skip non existing resourceDirectory C:\hansi\JavaSamples\DPM\dpm-master\src\main\resources
2017-12-19 12:45:47,223 [Worker-126] INFO  o.e.m.c.i.embedder.EclipseLogger - Using 'UTF-8' encoding to copy filtered resources.
2017-12-19 12:45:47,223 [Worker-126] INFO  o.e.m.c.i.embedder.EclipseLogger - skip non existing resourceDirectory C:\hansi\JavaSamples\DPM\dpm-master\src\test\resources
2017-12-19 12:47:17,108 [Worker-127] INFO  o.e.m.c.i.embedder.EclipseLogger - Using 'UTF-8' encoding to copy filtered resources.
2017-12-19 12:47:17,109 [Worker-127] INFO  o.e.m.c.i.embedder.EclipseLogger - skip non existing resourceDirectory C:\hansi\JavaSamples\DPM\dpm-master\src\main\resources
2017-12-19 12:47:17,109 [Worker-127] INFO  o.e.m.c.i.embedder.EclipseLogger - skip non existing resourceDirectory C:\hansi\JavaSamples\DPM\dpm-master\src\main\resources
2017-12-19 12:47:17,111 [Worker-127] INFO  o.e.m.c.i.embedder.EclipseLogger - Using 'UTF-8' encoding to copy filtered resources.
2017-12-19 12:47:17,111 [Worker-127] INFO  o.e.m.c.i.embedder.EclipseLogger - skip non existing resourceDirectory C:\hansi\JavaSamples\DPM\dpm-master\src\test\resources
2017-12-20 13:20:05,724 [Worker-232] INFO  o.e.m.c.i.l.LifecycleMappingFactory - Using org.eclipse.m2e.jdt.JarLifecycleMapping lifecycle mapping for MavenProject: com.virtusa:dpm-master:0.0.1-SNAPSHOT @ C:\hansi\JavaSamples\DPM\dpm-master\pom.xml.
2017-12-20 13:20:07,453 [Worker-232] INFO  o.e.m.c.i.embedder.EclipseLogger - Using 'UTF-8' encoding to copy filtered resources.
2017-12-20 13:20:07,456 [Worker-232] INFO  o.e.m.c.i.embedder.EclipseLogger - skip non existing resourceDirectory C:\hansi\JavaSamples\DPM\dpm-master\src\main\resources
2017-12-20 13:20:07,456 [Worker-232] INFO  o.e.m.c.i.embedder.EclipseLogger - skip non existing resourceDirectory C:\hansi\JavaSamples\DPM\dpm-master\src\main\resources
2017-12-20 13:20:07,460 [Worker-232] INFO  o.e.m.c.i.embedder.EclipseLogger - Using 'UTF-8' encoding to copy filtered resources.
2017-12-20 13:20:07,462 [Worker-232] INFO  o.e.m.c.i.embedder.EclipseLogger - skip non existing resourceDirectory C:\hansi\JavaSamples\DPM\dpm-master\src\test\resources
2017-12-20 13:20:11,704 [Worker-223] INFO  o.e.m.c.i.embedder.EclipseLogger - Using 'UTF-8' encoding to copy filtered resources.
2017-12-20 13:20:11,704 [Worker-223] INFO  o.e.m.c.i.embedder.EclipseLogger - skip non existing resourceDirectory C:\hansi\JavaSamples\DPM\dpm-master\src\main\resources
2017-12-20 13:20:11,705 [Worker-223] INFO  o.e.m.c.i.embedder.EclipseLogger - skip non existing resourceDirectory C:\hansi\JavaSamples\DPM\dpm-master\src\main\resources
2017-12-20 13:20:11,706 [Worker-223] INFO  o.e.m.c.i.embedder.EclipseLogger - Using 'UTF-8' encoding to copy filtered resources.
2017-12-20 13:20:11,706 [Worker-223] INFO  o.e.m.c.i.embedder.EclipseLogger - skip non existing resourceDirectory C:\hansi\JavaSamples\DPM\dpm-master\src\test\resources
2017-12-20 15:49:28,969 [Worker-263] INFO  o.e.m.c.i.l.LifecycleMappingFactory - Using org.eclipse.m2e.jdt.JarLifecycleMapping lifecycle mapping for MavenProject: com.virtusa:dpm-master:0.0.1-SNAPSHOT @ C:\hansi\JavaSamples\DPM\dpm-master\pom.xml.
2017-12-20 15:49:37,095 [Worker-263] INFO  o.e.m.c.i.embedder.EclipseLogger - Using 'UTF-8' encoding to copy filtered resources.
2017-12-20 15:49:37,095 [Worker-263] INFO  o.e.m.c.i.embedder.EclipseLogger - skip non existing resourceDirectory C:\hansi\JavaSamples\DPM\dpm-master\src\main\resources
2017-12-20 15:49:37,096 [Worker-263] INFO  o.e.m.c.i.embedder.EclipseLogger - skip non existing resourceDirectory C:\hansi\JavaSamples\DPM\dpm-master\src\main\resources
2017-12-20 15:49:37,097 [Worker-263] INFO  o.e.m.c.i.embedder.EclipseLogger - Using 'UTF-8' encoding to copy filtered resources.
2017-12-20 15:49:37,098 [Worker-263] INFO  o.e.m.c.i.embedder.EclipseLogger - skip non existing resourceDirectory C:\hansi\JavaSamples\DPM\dpm-master\src\test\resources
2017-12-20 15:49:51,848 [Worker-282] INFO  o.e.m.c.i.embedder.EclipseLogger - Using 'UTF-8' encoding to copy filtered resources.
2017-12-20 15:49:51,849 [Worker-282] INFO  o.e.m.c.i.embedder.EclipseLogger - skip non existing resourceDirectory C:\hansi\JavaSamples\DPM\dpm-master\src\main\resources
2017-12-20 15:49:51,849 [Worker-282] INFO  o.e.m.c.i.embedder.EclipseLogger - skip non existing resourceDirectory C:\hansi\JavaSamples\DPM\dpm-master\src\main\resources
2017-12-20 15:49:51,850 [Worker-282] INFO  o.e.m.c.i.embedder.EclipseLogger - Using 'UTF-8' encoding to copy filtered resources.
2017-12-20 15:49:51,851 [Worker-282] INFO  o.e.m.c.i.embedder.EclipseLogger - skip non existing resourceDirectory C:\hansi\JavaSamples\DPM\dpm-master\src\test\resources
2017-12-20 15:54:37,162 [Worker-284] INFO  o.e.m.c.i.embedder.EclipseLogger - Using 'UTF-8' encoding to copy filtered resources.
2017-12-20 15:54:37,163 [Worker-284] INFO  o.e.m.c.i.embedder.EclipseLogger - skip non existing resourceDirectory C:\hansi\JavaSamples\DPM\dpm-master\src\main\resources
2017-12-20 15:54:37,163 [Worker-284] INFO  o.e.m.c.i.embedder.EclipseLogger - skip non existing resourceDirectory C:\hansi\JavaSamples\DPM\dpm-master\src\main\resources
2017-12-20 15:54:37,168 [Worker-284] INFO  o.e.m.c.i.embedder.EclipseLogger - Using 'UTF-8' encoding to copy filtered resources.
2017-12-20 15:54:37,168 [Worker-284] INFO  o.e.m.c.i.embedder.EclipseLogger - skip non existing resourceDirectory C:\hansi\JavaSamples\DPM\dpm-master\src\test\resources
2017-12-20 15:55:24,310 [Worker-287] INFO  o.e.m.c.i.embedder.EclipseLogger - Using 'UTF-8' encoding to copy filtered resources.
2017-12-20 15:55:24,310 [Worker-287] INFO  o.e.m.c.i.embedder.EclipseLogger - skip non existing resourceDirectory C:\hansi\JavaSamples\DPM\dpm-master\src\main\resources
2017-12-20 15:55:24,310 [Worker-287] INFO  o.e.m.c.i.embedder.EclipseLogger - skip non existing resourceDirectory C:\hansi\JavaSamples\DPM\dpm-master\src\main\resources
2017-12-20 15:55:24,312 [Worker-287] INFO  o.e.m.c.i.embedder.EclipseLogger - Using 'UTF-8' encoding to copy filtered resources.
2017-12-20 15:55:24,312 [Worker-287] INFO  o.e.m.c.i.embedder.EclipseLogger - skip non existing resourceDirectory C:\hansi\JavaSamples\DPM\dpm-master\src\test\resources
2017-12-20 15:55:44,883 [Worker-283] INFO  o.e.m.c.i.embedder.EclipseLogger - Using 'UTF-8' encoding to copy filtered resources.
2017-12-20 15:55:44,883 [Worker-283] INFO  o.e.m.c.i.embedder.EclipseLogger - skip non existing resourceDirectory C:\hansi\JavaSamples\DPM\dpm-master\src\main\resources
2017-12-20 15:55:44,883 [Worker-283] INFO  o.e.m.c.i.embedder.EclipseLogger - skip non existing resourceDirectory C:\hansi\JavaSamples\DPM\dpm-master\src\main\resources
2017-12-20 15:55:44,884 [Worker-283] INFO  o.e.m.c.i.embedder.EclipseLogger - Using 'UTF-8' encoding to copy filtered resources.
2017-12-20 15:55:44,885 [Worker-283] INFO  o.e.m.c.i.embedder.EclipseLogger - skip non existing resourceDirectory C:\hansi\JavaSamples\DPM\dpm-master\src\test\resources
2017-12-20 15:56:11,656 [Worker-282] INFO  o.e.m.c.i.embedder.EclipseLogger - Using 'UTF-8' encoding to copy filtered resources.
2017-12-20 15:56:11,656 [Worker-282] INFO  o.e.m.c.i.embedder.EclipseLogger - skip non existing resourceDirectory C:\hansi\JavaSamples\DPM\dpm-master\src\main\resources
2017-12-20 15:56:11,657 [Worker-282] INFO  o.e.m.c.i.embedder.EclipseLogger - skip non existing resourceDirectory C:\hansi\JavaSamples\DPM\dpm-master\src\main\resources
2017-12-20 15:56:11,664 [Worker-282] INFO  o.e.m.c.i.embedder.EclipseLogger - Using 'UTF-8' encoding to copy filtered resources.
2017-12-20 15:56:11,665 [Worker-282] INFO  o.e.m.c.i.embedder.EclipseLogger - skip non existing resourceDirectory C:\hansi\JavaSamples\DPM\dpm-master\src\test\resources
2017-12-20 15:56:19,406 [Worker-290] INFO  o.e.m.c.i.embedder.EclipseLogger - Using 'UTF-8' encoding to copy filtered resources.
2017-12-20 15:56:19,407 [Worker-290] INFO  o.e.m.c.i.embedder.EclipseLogger - skip non existing resourceDirectory C:\hansi\JavaSamples\DPM\dpm-master\src\main\resources
2017-12-20 15:56:19,407 [Worker-290] INFO  o.e.m.c.i.embedder.EclipseLogger - skip non existing resourceDirectory C:\hansi\JavaSamples\DPM\dpm-master\src\main\resources
2017-12-20 15:56:19,409 [Worker-290] INFO  o.e.m.c.i.embedder.EclipseLogger - Using 'UTF-8' encoding to copy filtered resources.
2017-12-20 15:56:19,409 [Worker-290] INFO  o.e.m.c.i.embedder.EclipseLogger - skip non existing resourceDirectory C:\hansi\JavaSamples\DPM\dpm-master\src\test\resources
2017-12-20 15:57:01,574 [Worker-282] INFO  o.e.m.c.i.embedder.EclipseLogger - Using 'UTF-8' encoding to copy filtered resources.
2017-12-20 15:57:01,575 [Worker-282] INFO  o.e.m.c.i.embedder.EclipseLogger - skip non existing resourceDirectory C:\hansi\JavaSamples\DPM\dpm-master\src\main\resources
2017-12-20 15:57:01,575 [Worker-282] INFO  o.e.m.c.i.embedder.EclipseLogger - skip non existing resourceDirectory C:\hansi\JavaSamples\DPM\dpm-master\src\main\resources
2017-12-20 15:57:01,577 [Worker-282] INFO  o.e.m.c.i.embedder.EclipseLogger - Using 'UTF-8' encoding to copy filtered resources.
2017-12-20 15:57:01,577 [Worker-282] INFO  o.e.m.c.i.embedder.EclipseLogger - skip non existing resourceDirectory C:\hansi\JavaSamples\DPM\dpm-master\src\test\resources
2017-12-21 11:10:40,744 [Worker-777] INFO  o.e.m.c.i.embedder.EclipseLogger - Using 'UTF-8' encoding to copy filtered resources.
2017-12-21 11:10:40,756 [Worker-777] INFO  o.e.m.c.i.embedder.EclipseLogger - skip non existing resourceDirectory C:\hansi\JavaSamples\DPM\dpm-master\src\main\resources
2017-12-21 11:10:40,757 [Worker-777] INFO  o.e.m.c.i.embedder.EclipseLogger - skip non existing resourceDirectory C:\hansi\JavaSamples\DPM\dpm-master\src\main\resources
2017-12-21 11:10:40,758 [Worker-777] INFO  o.e.m.c.i.embedder.EclipseLogger - Using 'UTF-8' encoding to copy filtered resources.
2017-12-21 11:10:40,758 [Worker-777] INFO  o.e.m.c.i.embedder.EclipseLogger - skip non existing resourceDirectory C:\hansi\JavaSamples\DPM\dpm-master\src\test\resources
2017-12-21 11:11:36,182 [Worker-777] INFO  o.e.m.c.i.embedder.EclipseLogger - Using 'UTF-8' encoding to copy filtered resources.
2017-12-21 11:11:36,182 [Worker-777] INFO  o.e.m.c.i.embedder.EclipseLogger - skip non existing resourceDirectory C:\hansi\JavaSamples\DPM\dpm-master\src\main\resources
2017-12-21 11:11:36,182 [Worker-777] INFO  o.e.m.c.i.embedder.EclipseLogger - skip non existing resourceDirectory C:\hansi\JavaSamples\DPM\dpm-master\src\main\resources
2017-12-21 11:11:36,183 [Worker-777] INFO  o.e.m.c.i.embedder.EclipseLogger - Using 'UTF-8' encoding to copy filtered resources.
2017-12-21 11:11:36,184 [Worker-777] INFO  o.e.m.c.i.embedder.EclipseLogger - skip non existing resourceDirectory C:\hansi\JavaSamples\DPM\dpm-master\src\test\resources
2017-12-21 11:12:22,499 [Worker-778] INFO  o.e.m.c.i.embedder.EclipseLogger - Using 'UTF-8' encoding to copy filtered resources.
2017-12-21 11:12:22,499 [Worker-778] INFO  o.e.m.c.i.embedder.EclipseLogger - skip non existing resourceDirectory C:\hansi\JavaSamples\DPM\dpm-master\src\main\resources
2017-12-21 11:12:22,499 [Worker-778] INFO  o.e.m.c.i.embedder.EclipseLogger - skip non existing resourceDirectory C:\hansi\JavaSamples\DPM\dpm-master\src\main\resources
2017-12-21 11:12:22,502 [Worker-778] INFO  o.e.m.c.i.embedder.EclipseLogger - Using 'UTF-8' encoding to copy filtered resources.
2017-12-21 11:12:22,503 [Worker-778] INFO  o.e.m.c.i.embedder.EclipseLogger - skip non existing resourceDirectory C:\hansi\JavaSamples\DPM\dpm-master\src\test\resources
2017-12-21 11:12:50,673 [Worker-780] INFO  o.e.m.c.i.embedder.EclipseLogger - Using 'UTF-8' encoding to copy filtered resources.
2017-12-21 11:12:50,673 [Worker-780] INFO  o.e.m.c.i.embedder.EclipseLogger - skip non existing resourceDirectory C:\hansi\JavaSamples\DPM\dpm-master\src\main\resources
2017-12-21 11:12:50,674 [Worker-780] INFO  o.e.m.c.i.embedder.EclipseLogger - skip non existing resourceDirectory C:\hansi\JavaSamples\DPM\dpm-master\src\main\resources
2017-12-21 11:12:50,675 [Worker-780] INFO  o.e.m.c.i.embedder.EclipseLogger - Using 'UTF-8' encoding to copy filtered resources.
2017-12-21 11:12:50,676 [Worker-780] INFO  o.e.m.c.i.embedder.EclipseLogger - skip non existing resourceDirectory C:\hansi\JavaSamples\DPM\dpm-master\src\test\resources
2017-12-21 11:15:25,623 [Worker-775] INFO  o.e.m.c.i.embedder.EclipseLogger - Using 'UTF-8' encoding to copy filtered resources.
2017-12-21 11:15:25,623 [Worker-775] INFO  o.e.m.c.i.embedder.EclipseLogger - skip non existing resourceDirectory C:\hansi\JavaSamples\DPM\dpm-master\src\main\resources
2017-12-21 11:15:25,623 [Worker-775] INFO  o.e.m.c.i.embedder.EclipseLogger - skip non existing resourceDirectory C:\hansi\JavaSamples\DPM\dpm-master\src\main\resources
2017-12-21 11:15:25,624 [Worker-775] INFO  o.e.m.c.i.embedder.EclipseLogger - Using 'UTF-8' encoding to copy filtered resources.
2017-12-21 11:15:25,625 [Worker-775] INFO  o.e.m.c.i.embedder.EclipseLogger - skip non existing resourceDirectory C:\hansi\JavaSamples\DPM\dpm-master\src\test\resources
2017-12-21 11:18:10,003 [Worker-781] INFO  o.e.m.c.i.embedder.EclipseLogger - Using 'UTF-8' encoding to copy filtered resources.
2017-12-21 11:18:10,004 [Worker-781] INFO  o.e.m.c.i.embedder.EclipseLogger - skip non existing resourceDirectory C:\hansi\JavaSamples\DPM\dpm-master\src\main\resources
2017-12-21 11:18:10,005 [Worker-781] INFO  o.e.m.c.i.embedder.EclipseLogger - skip non existing resourceDirectory C:\hansi\JavaSamples\DPM\dpm-master\src\main\resources
2017-12-21 11:18:10,006 [Worker-781] INFO  o.e.m.c.i.embedder.EclipseLogger - Using 'UTF-8' encoding to copy filtered resources.
2017-12-21 11:18:10,006 [Worker-781] INFO  o.e.m.c.i.embedder.EclipseLogger - skip non existing resourceDirectory C:\hansi\JavaSamples\DPM\dpm-master\src\test\resources
2017-12-21 11:20:25,073 [Worker-780] INFO  o.e.m.c.i.embedder.EclipseLogger - Using 'UTF-8' encoding to copy filtered resources.
2017-12-21 11:20:25,073 [Worker-780] INFO  o.e.m.c.i.embedder.EclipseLogger - skip non existing resourceDirectory C:\hansi\JavaSamples\DPM\dpm-master\src\main\resources
2017-12-21 11:20:25,074 [Worker-780] INFO  o.e.m.c.i.embedder.EclipseLogger - skip non existing resourceDirectory C:\hansi\JavaSamples\DPM\dpm-master\src\main\resources
2017-12-21 11:20:25,076 [Worker-780] INFO  o.e.m.c.i.embedder.EclipseLogger - Using 'UTF-8' encoding to copy filtered resources.
2017-12-21 11:20:25,077 [Worker-780] INFO  o.e.m.c.i.embedder.EclipseLogger - skip non existing resourceDirectory C:\hansi\JavaSamples\DPM\dpm-master\src\test\resources
2017-12-21 11:28:34,642 [Worker-787] INFO  o.e.m.c.i.embedder.EclipseLogger - Using 'UTF-8' encoding to copy filtered resources.
2017-12-21 11:28:34,643 [Worker-787] INFO  o.e.m.c.i.embedder.EclipseLogger - skip non existing resourceDirectory C:\hansi\JavaSamples\DPM\dpm-master\src\main\resources
2017-12-21 11:28:34,643 [Worker-787] INFO  o.e.m.c.i.embedder.EclipseLogger - skip non existing resourceDirectory C:\hansi\JavaSamples\DPM\dpm-master\src\main\resources
2017-12-21 11:28:34,646 [Worker-787] INFO  o.e.m.c.i.embedder.EclipseLogger - Using 'UTF-8' encoding to copy filtered resources.
2017-12-21 11:28:34,646 [Worker-787] INFO  o.e.m.c.i.embedder.EclipseLogger - skip non existing resourceDirectory C:\hansi\JavaSamples\DPM\dpm-master\src\test\resources
2017-12-21 11:28:45,911 [Worker-777] INFO  o.e.m.c.i.embedder.EclipseLogger - Using 'UTF-8' encoding to copy filtered resources.
2017-12-21 11:28:45,912 [Worker-777] INFO  o.e.m.c.i.embedder.EclipseLogger - skip non existing resourceDirectory C:\hansi\JavaSamples\DPM\dpm-master\src\main\resources
2017-12-21 11:28:45,912 [Worker-777] INFO  o.e.m.c.i.embedder.EclipseLogger - skip non existing resourceDirectory C:\hansi\JavaSamples\DPM\dpm-master\src\main\resources
2017-12-21 11:28:45,913 [Worker-777] INFO  o.e.m.c.i.embedder.EclipseLogger - Using 'UTF-8' encoding to copy filtered resources.
2017-12-21 11:28:45,913 [Worker-777] INFO  o.e.m.c.i.embedder.EclipseLogger - skip non existing resourceDirectory C:\hansi\JavaSamples\DPM\dpm-master\src\test\resources
2017-12-21 11:29:38,949 [Worker-777] INFO  o.e.m.c.i.embedder.EclipseLogger - Using 'UTF-8' encoding to copy filtered resources.
2017-12-21 11:29:38,949 [Worker-777] INFO  o.e.m.c.i.embedder.EclipseLogger - skip non existing resourceDirectory C:\hansi\JavaSamples\DPM\dpm-master\src\main\resources
2017-12-21 11:29:38,949 [Worker-777] INFO  o.e.m.c.i.embedder.EclipseLogger - skip non existing resourceDirectory C:\hansi\JavaSamples\DPM\dpm-master\src\main\resources
2017-12-21 11:29:38,951 [Worker-777] INFO  o.e.m.c.i.embedder.EclipseLogger - Using 'UTF-8' encoding to copy filtered resources.
2017-12-21 11:29:38,951 [Worker-777] INFO  o.e.m.c.i.embedder.EclipseLogger - skip non existing resourceDirectory C:\hansi\JavaSamples\DPM\dpm-master\src\test\resources
2017-12-21 11:29:41,636 [Worker-782] INFO  o.e.m.c.i.embedder.EclipseLogger - Using 'UTF-8' encoding to copy filtered resources.
2017-12-21 11:29:41,636 [Worker-782] INFO  o.e.m.c.i.embedder.EclipseLogger - skip non existing resourceDirectory C:\hansi\JavaSamples\DPM\dpm-master\src\main\resources
2017-12-21 11:29:41,636 [Worker-782] INFO  o.e.m.c.i.embedder.EclipseLogger - skip non existing resourceDirectory C:\hansi\JavaSamples\DPM\dpm-master\src\main\resources
2017-12-21 11:29:41,638 [Worker-782] INFO  o.e.m.c.i.embedder.EclipseLogger - Using 'UTF-8' encoding to copy filtered resources.
2017-12-21 11:29:41,639 [Worker-782] INFO  o.e.m.c.i.embedder.EclipseLogger - skip non existing resourceDirectory C:\hansi\JavaSamples\DPM\dpm-master\src\test\resources
2017-12-21 11:32:10,684 [Worker-790] INFO  o.e.m.c.i.embedder.EclipseLogger - Using 'UTF-8' encoding to copy filtered resources.
2017-12-21 11:32:10,685 [Worker-790] INFO  o.e.m.c.i.embedder.EclipseLogger - skip non existing resourceDirectory C:\hansi\JavaSamples\DPM\dpm-master\src\main\resources
2017-12-21 11:32:10,685 [Worker-790] INFO  o.e.m.c.i.embedder.EclipseLogger - skip non existing resourceDirectory C:\hansi\JavaSamples\DPM\dpm-master\src\main\resources
2017-12-21 11:32:10,687 [Worker-790] INFO  o.e.m.c.i.embedder.EclipseLogger - Using 'UTF-8' encoding to copy filtered resources.
2017-12-21 11:32:10,687 [Worker-790] INFO  o.e.m.c.i.embedder.EclipseLogger - skip non existing resourceDirectory C:\hansi\JavaSamples\DPM\dpm-master\src\test\resources
2017-12-21 11:32:13,861 [Worker-791] INFO  o.e.m.c.i.embedder.EclipseLogger - Using 'UTF-8' encoding to copy filtered resources.
2017-12-21 11:32:13,861 [Worker-791] INFO  o.e.m.c.i.embedder.EclipseLogger - skip non existing resourceDirectory C:\hansi\JavaSamples\DPM\dpm-master\src\main\resources
2017-12-21 11:32:13,861 [Worker-791] INFO  o.e.m.c.i.embedder.EclipseLogger - skip non existing resourceDirectory C:\hansi\JavaSamples\DPM\dpm-master\src\main\resources
2017-12-21 11:32:13,862 [Worker-791] INFO  o.e.m.c.i.embedder.EclipseLogger - Using 'UTF-8' encoding to copy filtered resources.
2017-12-21 11:32:13,863 [Worker-791] INFO  o.e.m.c.i.embedder.EclipseLogger - skip non existing resourceDirectory C:\hansi\JavaSamples\DPM\dpm-master\src\test\resources
2017-12-21 11:32:53,755 [Worker-788] INFO  o.e.m.c.i.embedder.EclipseLogger - Using 'UTF-8' encoding to copy filtered resources.
2017-12-21 11:32:53,756 [Worker-788] INFO  o.e.m.c.i.embedder.EclipseLogger - skip non existing resourceDirectory C:\hansi\JavaSamples\DPM\dpm-master\src\main\resources
2017-12-21 11:32:53,756 [Worker-788] INFO  o.e.m.c.i.embedder.EclipseLogger - skip non existing resourceDirectory C:\hansi\JavaSamples\DPM\dpm-master\src\main\resources
2017-12-21 11:32:53,757 [Worker-788] INFO  o.e.m.c.i.embedder.EclipseLogger - Using 'UTF-8' encoding to copy filtered resources.
2017-12-21 11:32:53,758 [Worker-788] INFO  o.e.m.c.i.embedder.EclipseLogger - skip non existing resourceDirectory C:\hansi\JavaSamples\DPM\dpm-master\src\test\resources
2017-12-21 11:36:18,395 [Worker-787] INFO  o.e.m.c.i.embedder.EclipseLogger - Using 'UTF-8' encoding to copy filtered resources.
2017-12-21 11:36:18,395 [Worker-787] INFO  o.e.m.c.i.embedder.EclipseLogger - skip non existing resourceDirectory C:\hansi\JavaSamples\DPM\dpm-master\src\main\resources
2017-12-21 11:36:18,396 [Worker-787] INFO  o.e.m.c.i.embedder.EclipseLogger - skip non existing resourceDirectory C:\hansi\JavaSamples\DPM\dpm-master\src\main\resources
2017-12-21 11:36:18,398 [Worker-787] INFO  o.e.m.c.i.embedder.EclipseLogger - Using 'UTF-8' encoding to copy filtered resources.
2017-12-21 11:36:18,399 [Worker-787] INFO  o.e.m.c.i.embedder.EclipseLogger - skip non existing resourceDirectory C:\hansi\JavaSamples\DPM\dpm-master\src\test\resources
2017-12-21 11:37:02,409 [Worker-789] INFO  o.e.m.c.i.embedder.EclipseLogger - Using 'UTF-8' encoding to copy filtered resources.
2017-12-21 11:37:02,409 [Worker-789] INFO  o.e.m.c.i.embedder.EclipseLogger - skip non existing resourceDirectory C:\hansi\JavaSamples\DPM\dpm-master\src\main\resources
2017-12-21 11:37:02,410 [Worker-789] INFO  o.e.m.c.i.embedder.EclipseLogger - skip non existing resourceDirectory C:\hansi\JavaSamples\DPM\dpm-master\src\main\resources
2017-12-21 11:37:02,412 [Worker-789] INFO  o.e.m.c.i.embedder.EclipseLogger - Using 'UTF-8' encoding to copy filtered resources.
2017-12-21 11:37:02,412 [Worker-789] INFO  o.e.m.c.i.embedder.EclipseLogger - skip non existing resourceDirectory C:\hansi\JavaSamples\DPM\dpm-master\src\test\resources
2017-12-21 11:38:32,514 [Worker-782] INFO  o.e.m.c.i.embedder.EclipseLogger - Using 'UTF-8' encoding to copy filtered resources.
2017-12-21 11:38:32,514 [Worker-782] INFO  o.e.m.c.i.embedder.EclipseLogger - skip non existing resourceDirectory C:\hansi\JavaSamples\DPM\dpm-master\src\main\resources
2017-12-21 11:38:32,514 [Worker-782] INFO  o.e.m.c.i.embedder.EclipseLogger - skip non existing resourceDirectory C:\hansi\JavaSamples\DPM\dpm-master\src\main\resources
2017-12-21 11:38:32,515 [Worker-782] INFO  o.e.m.c.i.embedder.EclipseLogger - Using 'UTF-8' encoding to copy filtered resources.
2017-12-21 11:38:32,515 [Worker-782] INFO  o.e.m.c.i.embedder.EclipseLogger - skip non existing resourceDirectory C:\hansi\JavaSamples\DPM\dpm-master\src\test\resources
2017-12-21 11:43:25,343 [Worker-782] INFO  o.e.m.c.i.embedder.EclipseLogger - Using 'UTF-8' encoding to copy filtered resources.
2017-12-21 11:43:25,343 [Worker-782] INFO  o.e.m.c.i.embedder.EclipseLogger - skip non existing resourceDirectory C:\hansi\JavaSamples\DPM\dpm-master\src\main\resources
2017-12-21 11:43:25,344 [Worker-782] INFO  o.e.m.c.i.embedder.EclipseLogger - skip non existing resourceDirectory C:\hansi\JavaSamples\DPM\dpm-master\src\main\resources
2017-12-21 11:43:25,345 [Worker-782] INFO  o.e.m.c.i.embedder.EclipseLogger - Using 'UTF-8' encoding to copy filtered resources.
2017-12-21 11:43:25,345 [Worker-782] INFO  o.e.m.c.i.embedder.EclipseLogger - skip non existing resourceDirectory C:\hansi\JavaSamples\DPM\dpm-master\src\test\resources
2017-12-21 11:43:57,090 [Worker-794] INFO  o.e.m.c.i.embedder.EclipseLogger - Using 'UTF-8' encoding to copy filtered resources.
2017-12-21 11:43:57,091 [Worker-794] INFO  o.e.m.c.i.embedder.EclipseLogger - skip non existing resourceDirectory C:\hansi\JavaSamples\DPM\dpm-master\src\main\resources
2017-12-21 11:43:57,091 [Worker-794] INFO  o.e.m.c.i.embedder.EclipseLogger - skip non existing resourceDirectory C:\hansi\JavaSamples\DPM\dpm-master\src\main\resources
2017-12-21 11:43:57,092 [Worker-794] INFO  o.e.m.c.i.embedder.EclipseLogger - Using 'UTF-8' encoding to copy filtered resources.
2017-12-21 11:43:57,093 [Worker-794] INFO  o.e.m.c.i.embedder.EclipseLogger - skip non existing resourceDirectory C:\hansi\JavaSamples\DPM\dpm-master\src\test\resources
2017-12-21 11:46:20,966 [Worker-777] INFO  o.e.m.c.i.embedder.EclipseLogger - Using 'UTF-8' encoding to copy filtered resources.
2017-12-21 11:46:20,967 [Worker-777] INFO  o.e.m.c.i.embedder.EclipseLogger - skip non existing resourceDirectory C:\hansi\JavaSamples\DPM\dpm-master\src\main\resources
2017-12-21 11:46:20,967 [Worker-777] INFO  o.e.m.c.i.embedder.EclipseLogger - skip non existing resourceDirectory C:\hansi\JavaSamples\DPM\dpm-master\src\main\resources
2017-12-21 11:46:20,969 [Worker-777] INFO  o.e.m.c.i.embedder.EclipseLogger - Using 'UTF-8' encoding to copy filtered resources.
2017-12-21 11:46:20,969 [Worker-777] INFO  o.e.m.c.i.embedder.EclipseLogger - skip non existing resourceDirectory C:\hansi\JavaSamples\DPM\dpm-master\src\test\resources
2017-12-21 11:46:24,580 [Worker-797] INFO  o.e.m.c.i.embedder.EclipseLogger - Using 'UTF-8' encoding to copy filtered resources.
2017-12-21 11:46:24,580 [Worker-797] INFO  o.e.m.c.i.embedder.EclipseLogger - skip non existing resourceDirectory C:\hansi\JavaSamples\DPM\dpm-master\src\main\resources
2017-12-21 11:46:24,580 [Worker-797] INFO  o.e.m.c.i.embedder.EclipseLogger - skip non existing resourceDirectory C:\hansi\JavaSamples\DPM\dpm-master\src\main\resources
2017-12-21 11:46:24,581 [Worker-797] INFO  o.e.m.c.i.embedder.EclipseLogger - Using 'UTF-8' encoding to copy filtered resources.
2017-12-21 11:46:24,581 [Worker-797] INFO  o.e.m.c.i.embedder.EclipseLogger - skip non existing resourceDirectory C:\hansi\JavaSamples\DPM\dpm-master\src\test\resources
2017-12-21 12:52:23,284 [Worker-822] INFO  o.e.m.c.i.l.LifecycleMappingFactory - Using org.eclipse.m2e.jdt.JarLifecycleMapping lifecycle mapping for MavenProject: com.virtusa:dpm-master:0.0.1-SNAPSHOT @ C:\hansi\JavaSamples\DPM\dpm-master\pom.xml.
2017-12-21 12:52:25,733 [Worker-822] INFO  o.e.m.c.i.e.AbstractTransferListenerAdapter - Downloading https://repo.maven.apache.org/maven2/mysql/mysql-connector-java/6.0.6/mysql-connector-java-6.0.6.pom
2017-12-21 12:52:26,020 [Worker-822] INFO  o.e.m.c.i.e.AbstractTransferListenerAdapter - Downloaded https://repo.maven.apache.org/maven2/mysql/mysql-connector-java/6.0.6/mysql-connector-java-6.0.6.pom
2017-12-21 12:52:26,513 [Worker-822] INFO  o.e.m.c.i.e.AbstractTransferListenerAdapter - Downloading https://repo.maven.apache.org/maven2/mysql/mysql-connector-java/6.0.6/mysql-connector-java-6.0.6.jar
2017-12-21 12:52:36,053 [Worker-822] INFO  o.e.m.c.i.e.AbstractTransferListenerAdapter - Downloaded https://repo.maven.apache.org/maven2/mysql/mysql-connector-java/6.0.6/mysql-connector-java-6.0.6.jar
2017-12-21 12:52:37,543 [Worker-822] INFO  o.e.m.c.i.embedder.EclipseLogger - Using 'UTF-8' encoding to copy filtered resources.
2017-12-21 12:52:37,543 [Worker-822] INFO  o.e.m.c.i.embedder.EclipseLogger - skip non existing resourceDirectory C:\hansi\JavaSamples\DPM\dpm-master\src\main\resources
2017-12-21 12:52:37,544 [Worker-822] INFO  o.e.m.c.i.embedder.EclipseLogger - skip non existing resourceDirectory C:\hansi\JavaSamples\DPM\dpm-master\src\main\resources
2017-12-21 12:52:37,545 [Worker-822] INFO  o.e.m.c.i.embedder.EclipseLogger - Using 'UTF-8' encoding to copy filtered resources.
2017-12-21 12:52:37,546 [Worker-822] INFO  o.e.m.c.i.embedder.EclipseLogger - skip non existing resourceDirectory C:\hansi\JavaSamples\DPM\dpm-master\src\test\resources
2017-12-21 12:52:42,853 [Worker-820] INFO  o.e.m.c.i.l.LifecycleMappingFactory - Using org.eclipse.m2e.jdt.JarLifecycleMapping lifecycle mapping for MavenProject: com.virtusa:dpm-master:0.0.1-SNAPSHOT @ C:\hansi\JavaSamples\DPM\dpm-master\pom.xml.
2017-12-21 12:52:45,924 [Worker-820] INFO  o.e.m.c.i.embedder.EclipseLogger - Using 'UTF-8' encoding to copy filtered resources.
2017-12-21 12:52:45,925 [Worker-820] INFO  o.e.m.c.i.embedder.EclipseLogger - skip non existing resourceDirectory C:\hansi\JavaSamples\DPM\dpm-master\src\main\resources
2017-12-21 12:52:45,925 [Worker-820] INFO  o.e.m.c.i.embedder.EclipseLogger - skip non existing resourceDirectory C:\hansi\JavaSamples\DPM\dpm-master\src\main\resources
2017-12-21 12:52:45,927 [Worker-820] INFO  o.e.m.c.i.embedder.EclipseLogger - Using 'UTF-8' encoding to copy filtered resources.
2017-12-21 12:52:45,927 [Worker-820] INFO  o.e.m.c.i.embedder.EclipseLogger - skip non existing resourceDirectory C:\hansi\JavaSamples\DPM\dpm-master\src\test\resources
2017-12-21 12:53:44,119 [Worker-821] INFO  o.e.m.c.i.embedder.EclipseLogger - Using 'UTF-8' encoding to copy filtered resources.
2017-12-21 12:53:44,120 [Worker-821] INFO  o.e.m.c.i.embedder.EclipseLogger - skip non existing resourceDirectory C:\hansi\JavaSamples\DPM\dpm-master\src\main\resources
2017-12-21 12:53:44,120 [Worker-821] INFO  o.e.m.c.i.embedder.EclipseLogger - skip non existing resourceDirectory C:\hansi\JavaSamples\DPM\dpm-master\src\main\resources
2017-12-21 12:53:44,121 [Worker-821] INFO  o.e.m.c.i.embedder.EclipseLogger - Using 'UTF-8' encoding to copy filtered resources.
2017-12-21 12:53:44,122 [Worker-821] INFO  o.e.m.c.i.embedder.EclipseLogger - skip non existing resourceDirectory C:\hansi\JavaSamples\DPM\dpm-master\src\test\resources
2017-12-21 12:53:58,448 [Worker-822] INFO  o.e.m.c.i.embedder.EclipseLogger - Using 'UTF-8' encoding to copy filtered resources.
2017-12-21 12:53:58,448 [Worker-822] INFO  o.e.m.c.i.embedder.EclipseLogger - skip non existing resourceDirectory C:\hansi\JavaSamples\DPM\dpm-master\src\main\resources
2017-12-21 12:53:58,449 [Worker-822] INFO  o.e.m.c.i.embedder.EclipseLogger - skip non existing resourceDirectory C:\hansi\JavaSamples\DPM\dpm-master\src\main\resources
2017-12-21 12:53:58,450 [Worker-822] INFO  o.e.m.c.i.embedder.EclipseLogger - Using 'UTF-8' encoding to copy filtered resources.
2017-12-21 12:53:58,451 [Worker-822] INFO  o.e.m.c.i.embedder.EclipseLogger - skip non existing resourceDirectory C:\hansi\JavaSamples\DPM\dpm-master\src\test\resources
2017-12-21 12:57:05,870 [Worker-816] INFO  o.e.m.c.i.embedder.EclipseLogger - Using 'UTF-8' encoding to copy filtered resources.
2017-12-21 12:57:05,871 [Worker-816] INFO  o.e.m.c.i.embedder.EclipseLogger - skip non existing resourceDirectory C:\hansi\JavaSamples\DPM\dpm-master\src\main\resources
2017-12-21 12:57:05,871 [Worker-816] INFO  o.e.m.c.i.embedder.EclipseLogger - skip non existing resourceDirectory C:\hansi\JavaSamples\DPM\dpm-master\src\main\resources
2017-12-21 12:57:05,874 [Worker-816] INFO  o.e.m.c.i.embedder.EclipseLogger - Using 'UTF-8' encoding to copy filtered resources.
2017-12-21 12:57:05,874 [Worker-816] INFO  o.e.m.c.i.embedder.EclipseLogger - skip non existing resourceDirectory C:\hansi\JavaSamples\DPM\dpm-master\src\test\resources
2017-12-21 12:58:08,225 [Worker-825] INFO  o.e.m.c.i.embedder.EclipseLogger - Using 'UTF-8' encoding to copy filtered resources.
2017-12-21 12:58:08,226 [Worker-825] INFO  o.e.m.c.i.embedder.EclipseLogger - skip non existing resourceDirectory C:\hansi\JavaSamples\DPM\dpm-master\src\main\resources
2017-12-21 12:58:08,226 [Worker-825] INFO  o.e.m.c.i.embedder.EclipseLogger - skip non existing resourceDirectory C:\hansi\JavaSamples\DPM\dpm-master\src\main\resources
2017-12-21 12:58:08,227 [Worker-825] INFO  o.e.m.c.i.embedder.EclipseLogger - Using 'UTF-8' encoding to copy filtered resources.
2017-12-21 12:58:08,227 [Worker-825] INFO  o.e.m.c.i.embedder.EclipseLogger - skip non existing resourceDirectory C:\hansi\JavaSamples\DPM\dpm-master\src\test\resources
2017-12-21 13:05:45,670 [Worker-830] INFO  o.e.m.c.i.embedder.EclipseLogger - Using 'UTF-8' encoding to copy filtered resources.
2017-12-21 13:05:45,670 [Worker-830] INFO  o.e.m.c.i.embedder.EclipseLogger - skip non existing resourceDirectory C:\hansi\JavaSamples\DPM\dpm-master\src\main\resources
2017-12-21 13:05:45,670 [Worker-830] INFO  o.e.m.c.i.embedder.EclipseLogger - skip non existing resourceDirectory C:\hansi\JavaSamples\DPM\dpm-master\src\main\resources
2017-12-21 13:05:45,673 [Worker-830] INFO  o.e.m.c.i.embedder.EclipseLogger - Using 'UTF-8' encoding to copy filtered resources.
2017-12-21 13:05:45,681 [Worker-830] INFO  o.e.m.c.i.embedder.EclipseLogger - skip non existing resourceDirectory C:\hansi\JavaSamples\DPM\dpm-master\src\test\resources
2017-12-21 13:07:08,803 [Worker-831] INFO  o.e.m.c.i.embedder.EclipseLogger - Using 'UTF-8' encoding to copy filtered resources.
2017-12-21 13:07:08,803 [Worker-831] INFO  o.e.m.c.i.embedder.EclipseLogger - skip non existing resourceDirectory C:\hansi\JavaSamples\DPM\dpm-master\src\main\resources
2017-12-21 13:07:08,804 [Worker-831] INFO  o.e.m.c.i.embedder.EclipseLogger - skip non existing resourceDirectory C:\hansi\JavaSamples\DPM\dpm-master\src\main\resources
2017-12-21 13:07:08,805 [Worker-831] INFO  o.e.m.c.i.embedder.EclipseLogger - Using 'UTF-8' encoding to copy filtered resources.
2017-12-21 13:07:08,806 [Worker-831] INFO  o.e.m.c.i.embedder.EclipseLogger - skip non existing resourceDirectory C:\hansi\JavaSamples\DPM\dpm-master\src\test\resources
